<?xml version="1.0" encoding="UTF-8"?>
<!-- Generated by org.testng.reporters.JUnitReportReporter -->
<testsuite hostname="Bolofindes-MacBook-Pro.local" failures="0" tests="1" name="alltests.exercises.chapter9.wait.WaitTests" time="7.219" errors="0" timestamp="2021-10-12T23:05:32 MDT" skipped="0">
  <testcase classname="alltests.exercises.chapter9.wait.WaitTests" name="testWaitUntilVisible" time="7.219"/>
  <system-out/>
</testsuite> <!-- alltests.exercises.chapter9.wait.WaitTests -->
