<?xml version="1.0" encoding="UTF-8"?>
<!-- Generated by org.testng.reporters.JUnitReportReporter -->
<testsuite hostname="Bolofindes-MacBook-Pro.local" failures="0" tests="1" name="alltests.wait.WaitTests" time="9.095" errors="0" timestamp="2021-10-12T23:05:32 MDT" skipped="0">
  <testcase classname="alltests.wait.WaitTests" name="testWaitUntilHidden" time="9.095"/>
  <system-out/>
</testsuite> <!-- alltests.wait.WaitTests -->
