<?xml version="1.0" encoding="UTF-8"?>
<!-- Generated by org.testng.reporters.JUnitReportReporter -->
<testsuite hostname="Bolofindes-MacBook-Pro.local" failures="0" tests="2" name="alltests.keys.KeysTests" time="2.653" errors="0" timestamp="2021-10-12T23:05:32 MDT" skipped="0">
  <testcase classname="alltests.keys.KeysTests" name="testPi" time="0.788"/>
  <system-out/>
  <testcase classname="alltests.keys.KeysTests" name="testBackspace" time="1.865"/>
  <system-out/>
</testsuite> <!-- alltests.keys.KeysTests -->
