<?xml version="1.0" encoding="UTF-8"?>
<!-- Generated by org.testng.reporters.JUnitReportReporter -->
<testsuite hostname="Bolofindes-MacBook-Pro.local" failures="0" tests="3" name="apitests.ArticleTests" time="5.690" errors="0" timestamp="2021-10-12T23:05:32 MDT" skipped="0">
  <testcase classname="apitests.ArticleTests" name="getAallArticles" time="1.881"/>
  <system-out/>
  <testcase classname="apitests.ArticleTests" name="login" time="2.968"/>
  <system-out/>
  <testcase classname="apitests.ArticleTests" name="testCreateArticle" time="0.841"/>
  <system-out/>
</testsuite> <!-- apitests.ArticleTests -->
