<?xml version="1.0" encoding="UTF-8"?>
<!-- Generated by org.testng.reporters.JUnitReportReporter -->
<testsuite hostname="Bolofindes-MacBook-Pro.local" failures="0" tests="1" name="alltests.exercises.chapter7.contextmenu.ContextMenuTests" time="603.024" errors="0" timestamp="2021-10-12T23:05:32 MDT" skipped="0">
  <testcase classname="alltests.exercises.chapter7.contextmenu.ContextMenuTests" name="testRightClick" time="603.024"/>
  <system-out/>
</testsuite> <!-- alltests.exercises.chapter7.contextmenu.ContextMenuTests -->
