<?xml version="1.0" encoding="UTF-8"?>
<!-- Generated by org.testng.reporters.JUnitReportReporter -->
<testsuite hostname="Bolofindes-MacBook-Pro.local" failures="0" tests="2" name="alltests.javascript.JavaScriptTests" time="4.750" errors="0" timestamp="2021-10-12T23:05:32 MDT" skipped="0">
  <testcase classname="alltests.javascript.JavaScriptTests" name="testScrollToFifthParagraph" time="1.278"/>
  <system-out/>
  <testcase classname="alltests.javascript.JavaScriptTests" name="testScrollToTable" time="3.472"/>
  <system-out/>
</testsuite> <!-- alltests.javascript.JavaScriptTests -->
