<?xml version="1.0" encoding="UTF-8"?>
<!-- Generated by org.testng.reporters.JUnitReportReporter -->
<testsuite hostname="Bolofindes-MacBook-Pro.local" failures="0" tests="2" name="alltests.login.LoginTests" time="4.942" errors="0" timestamp="2021-10-12T23:05:32 MDT" skipped="0">
  <testcase classname="alltests.login.LoginTests" name="testSuccessfulLogin" time="1.699"/>
  <system-out/>
  <testcase classname="alltests.login.LoginTests" name="testUnsuccessfulLogin" time="3.243"/>
  <system-out/>
</testsuite> <!-- alltests.login.LoginTests -->
