<?xml version="1.0" encoding="UTF-8"?>
<!-- Generated by org.testng.reporters.JUnitReportReporter -->
<testsuite hostname="Bolofindes-MacBook-Pro.local" failures="0" tests="2" name="alltests.navigation.NavigationTests" time="5.539" errors="0" timestamp="2021-10-12T23:05:32 MDT" skipped="0">
  <testcase classname="alltests.navigation.NavigationTests" name="testSwitchTab" time="2.682"/>
  <system-out/>
  <testcase classname="alltests.navigation.NavigationTests" name="testNavigator" time="2.857"/>
  <system-out/>
</testsuite> <!-- alltests.navigation.NavigationTests -->
